<?xml version="1.0" encoding="UTF-8"?>
<testsuite xmlns:xsi="http://www.w3.org/2001/XMLSchema-instance" xsi:noNamespaceSchemaLocation="https://maven.apache.org/surefire/maven-surefire-plugin/xsd/surefire-test-report.xsd" name="ut.a9.MyComponentUnitTest" time="0.01" tests="1" errors="0" skipped="0" failures="0">
  <properties>
    <property name="awt.toolkit" value="sun.awt.X11.XToolkit"/>
    <property name="java.specification.version" value="11"/>
    <property name="sun.cpu.isalist" value=""/>
    <property name="sun.jnu.encoding" value="UTF-8"/>
    <property name="java.class.path" value="/opt/plugin/jqlcount/target/test-classes:/opt/plugin/jqlcount/target/classes:/root/.m2/repository/com/atlassian/jira/jira-api/7.13.0/jira-api-7.13.0.jar:/root/.m2/repository/com/atlassian/annotations/atlassian-annotations/1.1.0/atlassian-annotations-1.1.0.jar:/root/.m2/repository/com/google/code/findbugs/jsr305/3.0.0/jsr305-3.0.0.jar:/root/.m2/repository/com/atlassian/ofbiz/entityengine-share/1.3.10/entityengine-share-1.3.10.jar:/root/.m2/repository/xerces/xercesImpl/2.4.0/xercesImpl-2.4.0.jar:/root/.m2/repository/com/atlassian/ofbiz/entityengine/1.3.10/entityengine-1.3.10.jar:/root/.m2/repository/jta/jta/1.0.1/jta-1.0.1.jar:/root/.m2/repository/com/atlassian/collectors/atlassian-collectors-util/1.1/atlassian-collectors-util-1.1.jar:/root/.m2/repository/opensymphony/webwork/1.4-atlassian-30/webwork-1.4-atlassian-30.jar:/root/.m2/repository/com/atlassian/html/atlassian-html-encoder/1.4/atlassian-html-encoder-1.4.jar:/root/.m2/repository/webwork/pell-multipart-request/1.31.0/pell-multipart-request-1.31.0.jar:/root/.m2/repository/com/atlassian/core/atlassian-core/5.0.9/atlassian-core-5.0.9.jar:/root/.m2/repository/commons-collections/commons-collections/3.1/commons-collections-3.1.jar:/root/.m2/repository/dom4j/dom4j/1.4/dom4j-1.4.jar:/root/.m2/repository/xml-apis/xml-apis/1.0.b2/xml-apis-1.0.b2.jar:/root/.m2/repository/jaxen/jaxen/1.0-FCS/jaxen-1.0-FCS.jar:/root/.m2/repository/saxpath/saxpath/1.0-FCS/saxpath-1.0-FCS.jar:/root/.m2/repository/msv/msv/20020414/msv-20020414.jar:/root/.m2/repository/relaxngDatatype/relaxngDatatype/20020414/relaxngDatatype-20020414.jar:/root/.m2/repository/isorelax/isorelax/20020414/isorelax-20020414.jar:/root/.m2/repository/com/atlassian/image/atlassian-image-consumer/1.0.1/atlassian-image-consumer-1.0.1.jar:/root/.m2/repository/com/atlassian/core/atlassian-core-user/5.0.9/atlassian-core-user-5.0.9.jar:/root/.m2/repository/com/atlassian/core/atlassian-core-thumbnail/5.0.9/atlassian-core-thumbnail-5.0.9.jar:/root/.m2/repository/com/twelvemonkeys/imageio/imageio-jpeg/3.2/imageio-jpeg-3.2.jar:/root/.m2/repository/com/twelvemonkeys/imageio/imageio-core/3.2/imageio-core-3.2.jar:/root/.m2/repository/com/twelvemonkeys/imageio/imageio-metadata/3.2/imageio-metadata-3.2.jar:/root/.m2/repository/com/twelvemonkeys/common/common-lang/3.2/common-lang-3.2.jar:/root/.m2/repository/com/twelvemonkeys/common/common-io/3.2/common-io-3.2.jar:/root/.m2/repository/com/twelvemonkeys/common/common-image/3.2/common-image-3.2.jar:/root/.m2/repository/com/twelvemonkeys/imageio/imageio-tiff/3.2/imageio-tiff-3.2.jar:/root/.m2/repository/com/atlassian/extras/atlassian-extras/3.2/atlassian-extras-3.2.jar:/root/.m2/repository/commons-codec/commons-codec/1.3/commons-codec-1.3.jar:/root/.m2/repository/com/atlassian/velocity/atlassian-velocity/1.3/atlassian-velocity-1.3.jar:/root/.m2/repository/opensymphony/oscore/2.2.7/oscore-2.2.7.jar:/root/.m2/repository/org/apache/velocity/velocity/1.6.4/velocity-1.6.4.jar:/root/.m2/repository/osworkflow/osworkflow/2.9.0-atlassian-1/osworkflow-2.9.0-atlassian-1.jar:/root/.m2/repository/opensymphony/propertyset/1.5/propertyset-1.5.jar:/root/.m2/repository/com/atlassian/cache/atlassian-cache-api/3.2.0/atlassian-cache-api-3.2.0.jar:/root/.m2/repository/com/atlassian/util/concurrent/atlassian-util-concurrent/0.0.12/atlassian-util-concurrent-0.0.12.jar:/root/.m2/repository/com/atlassian/instrumentation/atlassian-instrumentation-core/2.2.2/atlassian-instrumentation-core-2.2.2.jar:/root/.m2/repository/com/atlassian/beehive/beehive-api/1.3.0/beehive-api-1.3.0.jar:/root/.m2/repository/com/atlassian/tenancy/atlassian-tenancy-api/1.4.0/atlassian-tenancy-api-1.4.0.jar:/root/.m2/repository/com/atlassian/event/atlassian-event/2.3.2/atlassian-event-2.3.2.jar:/root/.m2/repository/com/atlassian/upgrade/upgrade-task-framework-api/2.0.2/upgrade-task-framework-api-2.0.2.jar:/root/.m2/repository/com/atlassian/crowd/embedded-crowd-api/2.10.4/embedded-crowd-api-2.10.4.jar:/root/.m2/repository/com/google/guava/guava/18.0/guava-18.0.jar:/root/.m2/repository/com/atlassian/fugue/fugue/2.6.0/fugue-2.6.0.jar:/root/.m2/repository/org/codehaus/jackson/jackson-core-asl/1.9.13-atlassian-1/jackson-core-asl-1.9.13-atlassian-1.jar:/root/.m2/repository/org/codehaus/jackson/jackson-mapper-asl/1.9.13-atlassian-1/jackson-mapper-asl-1.9.13-atlassian-1.jar:/root/.m2/repository/javax/mail/javax.mail-api/1.6.0/javax.mail-api-1.6.0.jar:/root/.m2/repository/com/sun/mail/javax.mail/1.6.0/javax.mail-1.6.0.jar:/root/.m2/repository/javax/activation/activation/1.1/activation-1.1.jar:/root/.m2/repository/com/atlassian/mail/atlassian-mail/2.8.6/atlassian-mail-2.8.6.jar:/root/.m2/repository/commons-beanutils/commons-beanutils/1.6.1/commons-beanutils-1.6.1.jar:/root/.m2/repository/commons-digester/commons-digester/1.4.1/commons-digester-1.4.1.jar:/root/.m2/repository/oro/oro/2.0.7/oro-2.0.7.jar:/root/.m2/repository/com/atlassian/threadlocal/atlassian-threadlocal/1.3/atlassian-threadlocal-1.3.jar:/root/.m2/repository/com/atlassian/applinks/applinks-api/5.4.5/applinks-api-5.4.5.jar:/root/.m2/repository/com/google/javascript/closure-compiler/v20151216/closure-compiler-v20151216.jar:/root/.m2/repository/com/atlassian/velocity/htmlsafe/velocity-htmlsafe/1.4/velocity-htmlsafe-1.4.jar:/root/.m2/repository/commons-pool/commons-pool/1.5.4/commons-pool-1.5.4.jar:/root/.m2/repository/com/atlassian/plugins/atlassian-plugins-api/4.5.1/atlassian-plugins-api-4.5.1.jar:/root/.m2/repository/com/atlassian/plugins/atlassian-plugins-webfragment/4.1.0/atlassian-plugins-webfragment-4.1.0.jar:/root/.m2/repository/com/atlassian/plugins/atlassian-plugins-webfragment-api/4.1.0/atlassian-plugins-webfragment-api-4.1.0.jar:/root/.m2/repository/com/atlassian/ozymandias/atlassian-plugin-point-safety/0.10/atlassian-plugin-point-safety-0.10.jar:/root/.m2/repository/jfree/jfreechart/1.0.13/jfreechart-1.0.13.jar:/root/.m2/repository/com/atlassian/plugins/atlassian-plugins-webresource/3.5.41/atlassian-plugins-webresource-3.5.41.jar:/root/.m2/repository/com/atlassian/plugins/atlassian-plugins-webresource-spi/3.5.41/atlassian-plugins-webresource-spi-3.5.41.jar:/root/.m2/repository/com/atlassian/plugins/atlassian-plugins-webresource-api/3.5.41/atlassian-plugins-webresource-api-3.5.41.jar:/root/.m2/repository/org/tuckey/urlrewritefilter/4.0.4/urlrewritefilter-4.0.4.jar:/root/.m2/repository/com/atlassian/sourcemap/sourcemap/1.7.6/sourcemap-1.7.6.jar:/root/.m2/repository/com/atlassian/plugins/atlassian-plugins-webresource-compiler-gcc/3.5.41/atlassian-plugins-webresource-compiler-gcc-3.5.41.jar:/root/.m2/repository/jfree/jcommon/1.0.8/jcommon-1.0.8.jar:/root/.m2/repository/com/atlassian/sal/sal-api/3.2.0-abbce37/sal-api-3.2.0-abbce37.jar:/root/.m2/repository/com/atlassian/gadgets/atlassian-gadgets-api/4.2.32/atlassian-gadgets-api-4.2.32.jar:/root/.m2/repository/com/atlassian/johnson/atlassian-johnson-core/3.4.0/atlassian-johnson-core-3.4.0.jar:/root/.m2/repository/com/atlassian/plugins/atlassian-plugins-servlet/3.2.8/atlassian-plugins-servlet-3.2.8.jar:/root/.m2/repository/joda-time/joda-time/2.8.2/joda-time-2.8.2.jar:/root/.m2/repository/commons-lang/commons-lang/2.6/commons-lang-2.6.jar:/root/.m2/repository/org/apache/commons/commons-lang3/3.3.2/commons-lang3-3.3.2.jar:/root/.m2/repository/commons-io/commons-io/2.1/commons-io-2.1.jar:/root/.m2/repository/commons-httpclient/commons-httpclient/3.1-atlassian-2/commons-httpclient-3.1-atlassian-2.jar:/root/.m2/repository/log4j/log4j/1.2.16/log4j-1.2.16.jar:/root/.m2/repository/org/slf4j/slf4j-api/1.7.9/slf4j-api-1.7.9.jar:/root/.m2/repository/com/atlassian/profiling/atlassian-profiling/1.9/atlassian-profiling-1.9.jar:/root/.m2/repository/com/atlassian/scheduler/atlassian-scheduler-api/1.7.0/atlassian-scheduler-api-1.7.0.jar:/root/.m2/repository/com/atlassian/analytics/analytics-api/5.6.2/analytics-api-5.6.2.jar:/root/.m2/repository/javax/servlet/javax.servlet-api/3.0.1/javax.servlet-api-3.0.1.jar:/root/.m2/repository/com/atlassian/application/atlassian-application-api/1.2/atlassian-application-api-1.2.jar:/root/.m2/repository/javax/validation/validation-api/1.1.0.Final/validation-api-1.1.0.Final.jar:/root/.m2/repository/javax/inject/javax.inject/1/javax.inject-1.jar:/root/.m2/repository/junit/junit/4.10/junit-4.10.jar:/root/.m2/repository/org/hamcrest/hamcrest-core/1.1/hamcrest-core-1.1.jar:/root/.m2/repository/com/atlassian/plugins/atlassian-plugins-osgi-javaconfig/0.2.0/atlassian-plugins-osgi-javaconfig-0.2.0.jar:/root/.m2/repository/org/apache/felix/org.apache.felix.framework/4.0.0/org.apache.felix.framework-4.0.0.jar:/root/.m2/repository/org/springframework/spring-beans/4.2.5.RELEASE/spring-beans-4.2.5.RELEASE.jar:/root/.m2/repository/org/springframework/spring-core/4.2.5.RELEASE/spring-core-4.2.5.RELEASE.jar:/root/.m2/repository/commons-logging/commons-logging/1.2/commons-logging-1.2.jar:/root/.m2/repository/org/springframework/spring-context/4.2.5.RELEASE/spring-context-4.2.5.RELEASE.jar:/root/.m2/repository/org/springframework/spring-aop/4.2.5.RELEASE/spring-aop-4.2.5.RELEASE.jar:/root/.m2/repository/aopalliance/aopalliance/1.0/aopalliance-1.0.jar:/root/.m2/repository/org/springframework/spring-expression/4.2.5.RELEASE/spring-expression-4.2.5.RELEASE.jar:/root/.m2/repository/com/atlassian/plugins/atlassian-plugins-osgi-testrunner/2.0.2/atlassian-plugins-osgi-testrunner-2.0.2.jar:/root/.m2/repository/org/apache/wink/wink-client/1.1.3-incubating/wink-client-1.1.3-incubating.jar:/root/.m2/repository/org/apache/wink/wink-common/1.1.3-incubating/wink-common-1.1.3-incubating.jar:/root/.m2/repository/org/apache/geronimo/specs/geronimo-annotation_1.1_spec/1.0/geronimo-annotation_1.1_spec-1.0.jar:/root/.m2/repository/javax/xml/bind/jaxb-api/2.2/jaxb-api-2.2.jar:/root/.m2/repository/javax/xml/stream/stax-api/1.0-2/stax-api-1.0-2.jar:/root/.m2/repository/com/sun/xml/bind/jaxb-impl/2.2.1.1/jaxb-impl-2.2.1.1.jar:/root/.m2/repository/com/atlassian/upm/upm-api/2.15/upm-api-2.15.jar:/root/.m2/repository/javax/ws/rs/jsr311-api/1.1.1/jsr311-api-1.1.1.jar:/root/.m2/repository/com/google/code/gson/gson/2.2.2-atlassian-1/gson-2.2.2-atlassian-1.jar:"/>
    <property name="java.vm.vendor" value="Oracle Corporation"/>
    <property name="sun.arch.data.model" value="64"/>
    <property name="java.vendor.url" value="https://openjdk.java.net/"/>
    <property name="user.timezone" value=""/>
    <property name="java.vm.specification.version" value="11"/>
    <property name="os.name" value="Linux"/>
    <property name="sun.java.launcher" value="SUN_STANDARD"/>
    <property name="sun.boot.library.path" value="/usr/local/openjdk-11/lib"/>
    <property name="sun.java.command" value="/opt/plugin/jqlcount/target/surefire/surefirebooter14896864620314584812.jar /opt/plugin/jqlcount/target/surefire 2023-12-04T16-23-41_850-jvmRun1 surefire4719955965051829768tmp surefire_015114333814103542691tmp"/>
    <property name="jdk.debug" value="release"/>
    <property name="surefire.test.class.path" value="/opt/plugin/jqlcount/target/test-classes:/opt/plugin/jqlcount/target/classes:/root/.m2/repository/com/atlassian/jira/jira-api/7.13.0/jira-api-7.13.0.jar:/root/.m2/repository/com/atlassian/annotations/atlassian-annotations/1.1.0/atlassian-annotations-1.1.0.jar:/root/.m2/repository/com/google/code/findbugs/jsr305/3.0.0/jsr305-3.0.0.jar:/root/.m2/repository/com/atlassian/ofbiz/entityengine-share/1.3.10/entityengine-share-1.3.10.jar:/root/.m2/repository/xerces/xercesImpl/2.4.0/xercesImpl-2.4.0.jar:/root/.m2/repository/com/atlassian/ofbiz/entityengine/1.3.10/entityengine-1.3.10.jar:/root/.m2/repository/jta/jta/1.0.1/jta-1.0.1.jar:/root/.m2/repository/com/atlassian/collectors/atlassian-collectors-util/1.1/atlassian-collectors-util-1.1.jar:/root/.m2/repository/opensymphony/webwork/1.4-atlassian-30/webwork-1.4-atlassian-30.jar:/root/.m2/repository/com/atlassian/html/atlassian-html-encoder/1.4/atlassian-html-encoder-1.4.jar:/root/.m2/repository/webwork/pell-multipart-request/1.31.0/pell-multipart-request-1.31.0.jar:/root/.m2/repository/com/atlassian/core/atlassian-core/5.0.9/atlassian-core-5.0.9.jar:/root/.m2/repository/commons-collections/commons-collections/3.1/commons-collections-3.1.jar:/root/.m2/repository/dom4j/dom4j/1.4/dom4j-1.4.jar:/root/.m2/repository/xml-apis/xml-apis/1.0.b2/xml-apis-1.0.b2.jar:/root/.m2/repository/jaxen/jaxen/1.0-FCS/jaxen-1.0-FCS.jar:/root/.m2/repository/saxpath/saxpath/1.0-FCS/saxpath-1.0-FCS.jar:/root/.m2/repository/msv/msv/20020414/msv-20020414.jar:/root/.m2/repository/relaxngDatatype/relaxngDatatype/20020414/relaxngDatatype-20020414.jar:/root/.m2/repository/isorelax/isorelax/20020414/isorelax-20020414.jar:/root/.m2/repository/com/atlassian/image/atlassian-image-consumer/1.0.1/atlassian-image-consumer-1.0.1.jar:/root/.m2/repository/com/atlassian/core/atlassian-core-user/5.0.9/atlassian-core-user-5.0.9.jar:/root/.m2/repository/com/atlassian/core/atlassian-core-thumbnail/5.0.9/atlassian-core-thumbnail-5.0.9.jar:/root/.m2/repository/com/twelvemonkeys/imageio/imageio-jpeg/3.2/imageio-jpeg-3.2.jar:/root/.m2/repository/com/twelvemonkeys/imageio/imageio-core/3.2/imageio-core-3.2.jar:/root/.m2/repository/com/twelvemonkeys/imageio/imageio-metadata/3.2/imageio-metadata-3.2.jar:/root/.m2/repository/com/twelvemonkeys/common/common-lang/3.2/common-lang-3.2.jar:/root/.m2/repository/com/twelvemonkeys/common/common-io/3.2/common-io-3.2.jar:/root/.m2/repository/com/twelvemonkeys/common/common-image/3.2/common-image-3.2.jar:/root/.m2/repository/com/twelvemonkeys/imageio/imageio-tiff/3.2/imageio-tiff-3.2.jar:/root/.m2/repository/com/atlassian/extras/atlassian-extras/3.2/atlassian-extras-3.2.jar:/root/.m2/repository/commons-codec/commons-codec/1.3/commons-codec-1.3.jar:/root/.m2/repository/com/atlassian/velocity/atlassian-velocity/1.3/atlassian-velocity-1.3.jar:/root/.m2/repository/opensymphony/oscore/2.2.7/oscore-2.2.7.jar:/root/.m2/repository/org/apache/velocity/velocity/1.6.4/velocity-1.6.4.jar:/root/.m2/repository/osworkflow/osworkflow/2.9.0-atlassian-1/osworkflow-2.9.0-atlassian-1.jar:/root/.m2/repository/opensymphony/propertyset/1.5/propertyset-1.5.jar:/root/.m2/repository/com/atlassian/cache/atlassian-cache-api/3.2.0/atlassian-cache-api-3.2.0.jar:/root/.m2/repository/com/atlassian/util/concurrent/atlassian-util-concurrent/0.0.12/atlassian-util-concurrent-0.0.12.jar:/root/.m2/repository/com/atlassian/instrumentation/atlassian-instrumentation-core/2.2.2/atlassian-instrumentation-core-2.2.2.jar:/root/.m2/repository/com/atlassian/beehive/beehive-api/1.3.0/beehive-api-1.3.0.jar:/root/.m2/repository/com/atlassian/tenancy/atlassian-tenancy-api/1.4.0/atlassian-tenancy-api-1.4.0.jar:/root/.m2/repository/com/atlassian/event/atlassian-event/2.3.2/atlassian-event-2.3.2.jar:/root/.m2/repository/com/atlassian/upgrade/upgrade-task-framework-api/2.0.2/upgrade-task-framework-api-2.0.2.jar:/root/.m2/repository/com/atlassian/crowd/embedded-crowd-api/2.10.4/embedded-crowd-api-2.10.4.jar:/root/.m2/repository/com/google/guava/guava/18.0/guava-18.0.jar:/root/.m2/repository/com/atlassian/fugue/fugue/2.6.0/fugue-2.6.0.jar:/root/.m2/repository/org/codehaus/jackson/jackson-core-asl/1.9.13-atlassian-1/jackson-core-asl-1.9.13-atlassian-1.jar:/root/.m2/repository/org/codehaus/jackson/jackson-mapper-asl/1.9.13-atlassian-1/jackson-mapper-asl-1.9.13-atlassian-1.jar:/root/.m2/repository/javax/mail/javax.mail-api/1.6.0/javax.mail-api-1.6.0.jar:/root/.m2/repository/com/sun/mail/javax.mail/1.6.0/javax.mail-1.6.0.jar:/root/.m2/repository/javax/activation/activation/1.1/activation-1.1.jar:/root/.m2/repository/com/atlassian/mail/atlassian-mail/2.8.6/atlassian-mail-2.8.6.jar:/root/.m2/repository/commons-beanutils/commons-beanutils/1.6.1/commons-beanutils-1.6.1.jar:/root/.m2/repository/commons-digester/commons-digester/1.4.1/commons-digester-1.4.1.jar:/root/.m2/repository/oro/oro/2.0.7/oro-2.0.7.jar:/root/.m2/repository/com/atlassian/threadlocal/atlassian-threadlocal/1.3/atlassian-threadlocal-1.3.jar:/root/.m2/repository/com/atlassian/applinks/applinks-api/5.4.5/applinks-api-5.4.5.jar:/root/.m2/repository/com/google/javascript/closure-compiler/v20151216/closure-compiler-v20151216.jar:/root/.m2/repository/com/atlassian/velocity/htmlsafe/velocity-htmlsafe/1.4/velocity-htmlsafe-1.4.jar:/root/.m2/repository/commons-pool/commons-pool/1.5.4/commons-pool-1.5.4.jar:/root/.m2/repository/com/atlassian/plugins/atlassian-plugins-api/4.5.1/atlassian-plugins-api-4.5.1.jar:/root/.m2/repository/com/atlassian/plugins/atlassian-plugins-webfragment/4.1.0/atlassian-plugins-webfragment-4.1.0.jar:/root/.m2/repository/com/atlassian/plugins/atlassian-plugins-webfragment-api/4.1.0/atlassian-plugins-webfragment-api-4.1.0.jar:/root/.m2/repository/com/atlassian/ozymandias/atlassian-plugin-point-safety/0.10/atlassian-plugin-point-safety-0.10.jar:/root/.m2/repository/jfree/jfreechart/1.0.13/jfreechart-1.0.13.jar:/root/.m2/repository/com/atlassian/plugins/atlassian-plugins-webresource/3.5.41/atlassian-plugins-webresource-3.5.41.jar:/root/.m2/repository/com/atlassian/plugins/atlassian-plugins-webresource-spi/3.5.41/atlassian-plugins-webresource-spi-3.5.41.jar:/root/.m2/repository/com/atlassian/plugins/atlassian-plugins-webresource-api/3.5.41/atlassian-plugins-webresource-api-3.5.41.jar:/root/.m2/repository/org/tuckey/urlrewritefilter/4.0.4/urlrewritefilter-4.0.4.jar:/root/.m2/repository/com/atlassian/sourcemap/sourcemap/1.7.6/sourcemap-1.7.6.jar:/root/.m2/repository/com/atlassian/plugins/atlassian-plugins-webresource-compiler-gcc/3.5.41/atlassian-plugins-webresource-compiler-gcc-3.5.41.jar:/root/.m2/repository/jfree/jcommon/1.0.8/jcommon-1.0.8.jar:/root/.m2/repository/com/atlassian/sal/sal-api/3.2.0-abbce37/sal-api-3.2.0-abbce37.jar:/root/.m2/repository/com/atlassian/gadgets/atlassian-gadgets-api/4.2.32/atlassian-gadgets-api-4.2.32.jar:/root/.m2/repository/com/atlassian/johnson/atlassian-johnson-core/3.4.0/atlassian-johnson-core-3.4.0.jar:/root/.m2/repository/com/atlassian/plugins/atlassian-plugins-servlet/3.2.8/atlassian-plugins-servlet-3.2.8.jar:/root/.m2/repository/joda-time/joda-time/2.8.2/joda-time-2.8.2.jar:/root/.m2/repository/commons-lang/commons-lang/2.6/commons-lang-2.6.jar:/root/.m2/repository/org/apache/commons/commons-lang3/3.3.2/commons-lang3-3.3.2.jar:/root/.m2/repository/commons-io/commons-io/2.1/commons-io-2.1.jar:/root/.m2/repository/commons-httpclient/commons-httpclient/3.1-atlassian-2/commons-httpclient-3.1-atlassian-2.jar:/root/.m2/repository/log4j/log4j/1.2.16/log4j-1.2.16.jar:/root/.m2/repository/org/slf4j/slf4j-api/1.7.9/slf4j-api-1.7.9.jar:/root/.m2/repository/com/atlassian/profiling/atlassian-profiling/1.9/atlassian-profiling-1.9.jar:/root/.m2/repository/com/atlassian/scheduler/atlassian-scheduler-api/1.7.0/atlassian-scheduler-api-1.7.0.jar:/root/.m2/repository/com/atlassian/analytics/analytics-api/5.6.2/analytics-api-5.6.2.jar:/root/.m2/repository/javax/servlet/javax.servlet-api/3.0.1/javax.servlet-api-3.0.1.jar:/root/.m2/repository/com/atlassian/application/atlassian-application-api/1.2/atlassian-application-api-1.2.jar:/root/.m2/repository/javax/validation/validation-api/1.1.0.Final/validation-api-1.1.0.Final.jar:/root/.m2/repository/javax/inject/javax.inject/1/javax.inject-1.jar:/root/.m2/repository/junit/junit/4.10/junit-4.10.jar:/root/.m2/repository/org/hamcrest/hamcrest-core/1.1/hamcrest-core-1.1.jar:/root/.m2/repository/com/atlassian/plugins/atlassian-plugins-osgi-javaconfig/0.2.0/atlassian-plugins-osgi-javaconfig-0.2.0.jar:/root/.m2/repository/org/apache/felix/org.apache.felix.framework/4.0.0/org.apache.felix.framework-4.0.0.jar:/root/.m2/repository/org/springframework/spring-beans/4.2.5.RELEASE/spring-beans-4.2.5.RELEASE.jar:/root/.m2/repository/org/springframework/spring-core/4.2.5.RELEASE/spring-core-4.2.5.RELEASE.jar:/root/.m2/repository/commons-logging/commons-logging/1.2/commons-logging-1.2.jar:/root/.m2/repository/org/springframework/spring-context/4.2.5.RELEASE/spring-context-4.2.5.RELEASE.jar:/root/.m2/repository/org/springframework/spring-aop/4.2.5.RELEASE/spring-aop-4.2.5.RELEASE.jar:/root/.m2/repository/aopalliance/aopalliance/1.0/aopalliance-1.0.jar:/root/.m2/repository/org/springframework/spring-expression/4.2.5.RELEASE/spring-expression-4.2.5.RELEASE.jar:/root/.m2/repository/com/atlassian/plugins/atlassian-plugins-osgi-testrunner/2.0.2/atlassian-plugins-osgi-testrunner-2.0.2.jar:/root/.m2/repository/org/apache/wink/wink-client/1.1.3-incubating/wink-client-1.1.3-incubating.jar:/root/.m2/repository/org/apache/wink/wink-common/1.1.3-incubating/wink-common-1.1.3-incubating.jar:/root/.m2/repository/org/apache/geronimo/specs/geronimo-annotation_1.1_spec/1.0/geronimo-annotation_1.1_spec-1.0.jar:/root/.m2/repository/javax/xml/bind/jaxb-api/2.2/jaxb-api-2.2.jar:/root/.m2/repository/javax/xml/stream/stax-api/1.0-2/stax-api-1.0-2.jar:/root/.m2/repository/com/sun/xml/bind/jaxb-impl/2.2.1.1/jaxb-impl-2.2.1.1.jar:/root/.m2/repository/com/atlassian/upm/upm-api/2.15/upm-api-2.15.jar:/root/.m2/repository/javax/ws/rs/jsr311-api/1.1.1/jsr311-api-1.1.1.jar:/root/.m2/repository/com/google/code/gson/gson/2.2.2-atlassian-1/gson-2.2.2-atlassian-1.jar:"/>
    <property name="sun.cpu.endian" value="little"/>
    <property name="user.home" value="/root"/>
    <property name="user.language" value="en"/>
    <property name="java.specification.vendor" value="Oracle Corporation"/>
    <property name="java.version.date" value="2022-07-19"/>
    <property name="java.home" value="/usr/local/openjdk-11"/>
    <property name="file.separator" value="/"/>
    <property name="basedir" value="/opt/plugin/jqlcount"/>
    <property name="java.vm.compressedOopsMode" value="32-bit"/>
    <property name="line.separator" value="&#10;"/>
    <property name="java.specification.name" value="Java Platform API Specification"/>
    <property name="java.vm.specification.vendor" value="Oracle Corporation"/>
    <property name="java.awt.graphicsenv" value="sun.awt.X11GraphicsEnvironment"/>
    <property name="surefire.real.class.path" value="/opt/plugin/jqlcount/target/surefire/surefirebooter14896864620314584812.jar"/>
    <property name="sun.management.compiler" value="HotSpot 64-Bit Tiered Compilers"/>
    <property name="java.runtime.version" value="11.0.16+8"/>
    <property name="user.name" value="root"/>
    <property name="path.separator" value=":"/>
    <property name="os.version" value="5.15.49-linuxkit-pr"/>
    <property name="java.runtime.name" value="OpenJDK Runtime Environment"/>
    <property name="file.encoding" value="UTF-8"/>
    <property name="java.vm.name" value="OpenJDK 64-Bit Server VM"/>
    <property name="java.vendor.version" value="18.9"/>
    <property name="localRepository" value="/root/.m2/repository"/>
    <property name="java.vendor.url.bug" value="https://bugreport.java.com/bugreport/"/>
    <property name="java.io.tmpdir" value="/tmp"/>
    <property name="java.version" value="11.0.16"/>
    <property name="user.dir" value="/opt/plugin/jqlcount"/>
    <property name="os.arch" value="aarch64"/>
    <property name="java.vm.specification.name" value="Java Virtual Machine Specification"/>
    <property name="java.awt.printerjob" value="sun.print.PSPrinterJob"/>
    <property name="sun.os.patch.level" value="unknown"/>
    <property name="java.library.path" value="/usr/java/packages/lib:/lib:/usr/lib:/usr/lib64:/lib64"/>
    <property name="java.vm.info" value="mixed mode, sharing"/>
    <property name="java.vendor" value="Oracle Corporation"/>
    <property name="java.vm.version" value="11.0.16+8"/>
    <property name="sun.io.unicode.encoding" value="UnicodeLittle"/>
    <property name="java.class.version" value="55.0"/>
  </properties>
  <testcase name="testMyName" classname="ut.a9.MyComponentUnitTest" time="0"/>
</testsuite>